<?xml version="1.0" encoding="UTF-8"?>
<!-- Generated by org.testng.reporters.JUnitReportReporter -->
<testsuite hostname="DESKTOP-U7LEM7P" failures="0" tests="4" name="com.qa.test.DemoTest3" time="0.020" errors="0" timestamp="9 Sep 2020 10:25:12 GMT">
  <testcase classname="com.qa.test.DemoTest3" name="sum" time="0.005"/>
  <testcase classname="com.qa.test.DemoTest3" name="div" time="0.005"/>
  <testcase classname="com.qa.test.DemoTest3" name="mul" time="0.005"/>
  <testcase classname="com.qa.test.DemoTest3" name="sub" time="0.005"/>
</testsuite> <!-- com.qa.test.DemoTest3 -->
